2019-08-22 15:15:43 [INFO ] [restartedMain] c.t.d.d.Artery6demoApplication - Starting Artery6demoApplication on PC-20190711PYMS with PID 6612 (D:\artery6demo\target\classes started by Administrator in D:\artery6demo)
2019-08-22 15:15:43 [INFO ] [restartedMain] c.t.d.d.Artery6demoApplication - The following profiles are active: dev
2019-08-22 15:15:43 [INFO ] [restartedMain] o.s.b.d.e.DevToolsPropertyDefaultsPostProcessor - Devtools property defaults active! Set 'spring.devtools.add-properties' to 'false' to disable
2019-08-22 15:15:43 [INFO ] [restartedMain] o.s.b.d.e.DevToolsPropertyDefaultsPostProcessor - For additional web related logging consider setting the 'logging.level.web' property to 'DEBUG'
2019-08-22 15:15:44 [WARN ] [restartedMain] o.s.b.w.s.c.AnnotationConfigServletWebServerApplicationContext - Exception encountered during context initialization - cancelling refresh attempt: org.springframework.beans.factory.BeanDefinitionStoreException: Failed to parse configuration class [com.thunisoft.demo.demo.Artery6demoApplication]; nested exception is org.springframework.context.annotation.ConflictingBeanDefinitionException: Annotation-specified bean name 'egBookDetailController' for bean class [com.thunisoft.demo.demo.eg.book.controller.EgBookDetailController] conflicts with existing, non-compatible bean definition of same name and class [com.thunisoft.demo.demo.aty.eg.book.controller.EgBookDetailController]
2019-08-22 15:15:44 [ERROR] [restartedMain] o.s.b.SpringApplication - Application run failed
org.springframework.beans.factory.BeanDefinitionStoreException: Failed to parse configuration class [com.thunisoft.demo.demo.Artery6demoApplication]; nested exception is org.springframework.context.annotation.ConflictingBeanDefinitionException: Annotation-specified bean name 'egBookDetailController' for bean class [com.thunisoft.demo.demo.eg.book.controller.EgBookDetailController] conflicts with existing, non-compatible bean definition of same name and class [com.thunisoft.demo.demo.aty.eg.book.controller.EgBookDetailController]
	at org.springframework.context.annotation.ConfigurationClassParser.parse(ConfigurationClassParser.java:181)
	at org.springframework.context.annotation.ConfigurationClassPostProcessor.processConfigBeanDefinitions(ConfigurationClassPostProcessor.java:315)
	at org.springframework.context.annotation.ConfigurationClassPostProcessor.postProcessBeanDefinitionRegistry(ConfigurationClassPostProcessor.java:232)
	at org.springframework.context.support.PostProcessorRegistrationDelegate.invokeBeanDefinitionRegistryPostProcessors(PostProcessorRegistrationDelegate.java:275)
	at org.springframework.context.support.PostProcessorRegistrationDelegate.invokeBeanFactoryPostProcessors(PostProcessorRegistrationDelegate.java:95)
	at org.springframework.context.support.AbstractApplicationContext.invokeBeanFactoryPostProcessors(AbstractApplicationContext.java:705)
	at org.springframework.context.support.AbstractApplicationContext.refresh(AbstractApplicationContext.java:531)
	at org.springframework.boot.web.servlet.context.ServletWebServerApplicationContext.refresh(ServletWebServerApplicationContext.java:140)
	at org.springframework.boot.SpringApplication.refresh(SpringApplication.java:742)
	at org.springframework.boot.SpringApplication.refreshContext(SpringApplication.java:389)
	at org.springframework.boot.SpringApplication.run(SpringApplication.java:311)
	at org.springframework.boot.SpringApplication.run(SpringApplication.java:1213)
	at org.springframework.boot.SpringApplication.run(SpringApplication.java:1202)
	at com.thunisoft.demo.demo.Artery6demoApplication.main(Artery6demoApplication.java:14)
	at sun.reflect.NativeMethodAccessorImpl.invoke0(Native Method)
	at sun.reflect.NativeMethodAccessorImpl.invoke(NativeMethodAccessorImpl.java:62)
	at sun.reflect.DelegatingMethodAccessorImpl.invoke(DelegatingMethodAccessorImpl.java:43)
	at java.lang.reflect.Method.invoke(Method.java:498)
	at org.springframework.boot.devtools.restart.RestartLauncher.run(RestartLauncher.java:49)
Caused by: org.springframework.context.annotation.ConflictingBeanDefinitionException: Annotation-specified bean name 'egBookDetailController' for bean class [com.thunisoft.demo.demo.eg.book.controller.EgBookDetailController] conflicts with existing, non-compatible bean definition of same name and class [com.thunisoft.demo.demo.aty.eg.book.controller.EgBookDetailController]
	at org.springframework.context.annotation.ClassPathBeanDefinitionScanner.checkCandidate(ClassPathBeanDefinitionScanner.java:348)
	at org.springframework.context.annotation.ClassPathBeanDefinitionScanner.doScan(ClassPathBeanDefinitionScanner.java:286)
	at org.springframework.context.annotation.ComponentScanAnnotationParser.parse(ComponentScanAnnotationParser.java:132)
	at org.springframework.context.annotation.ConfigurationClassParser.doProcessConfigurationClass(ConfigurationClassParser.java:287)
	at org.springframework.context.annotation.ConfigurationClassParser.processConfigurationClass(ConfigurationClassParser.java:242)
	at org.springframework.context.annotation.ConfigurationClassParser.parse(ConfigurationClassParser.java:199)
	at org.springframework.context.annotation.ConfigurationClassParser.parse(ConfigurationClassParser.java:167)
	... 18 common frames omitted
2019-08-22 15:16:48 [INFO ] [restartedMain] c.t.d.d.Artery6demoApplication - Starting Artery6demoApplication on PC-20190711PYMS with PID 6604 (D:\artery6demo\target\classes started by Administrator in D:\artery6demo)
2019-08-22 15:16:48 [INFO ] [restartedMain] c.t.d.d.Artery6demoApplication - The following profiles are active: dev
2019-08-22 15:16:48 [INFO ] [restartedMain] o.s.b.d.e.DevToolsPropertyDefaultsPostProcessor - Devtools property defaults active! Set 'spring.devtools.add-properties' to 'false' to disable
2019-08-22 15:16:48 [INFO ] [restartedMain] o.s.b.d.e.DevToolsPropertyDefaultsPostProcessor - For additional web related logging consider setting the 'logging.level.web' property to 'DEBUG'
2019-08-22 15:16:49 [WARN ] [restartedMain] o.s.b.w.s.c.AnnotationConfigServletWebServerApplicationContext - Exception encountered during context initialization - cancelling refresh attempt: org.springframework.beans.factory.BeanDefinitionStoreException: Failed to parse configuration class [com.thunisoft.demo.demo.Artery6demoApplication]; nested exception is org.springframework.context.annotation.ConflictingBeanDefinitionException: Annotation-specified bean name 'egBookDetailController' for bean class [com.thunisoft.demo.demo.eg.book.controller.EgBookDetailController] conflicts with existing, non-compatible bean definition of same name and class [com.thunisoft.demo.demo.aty.eg.book.controller.EgBookDetailController]
2019-08-22 15:16:49 [ERROR] [restartedMain] o.s.b.SpringApplication - Application run failed
org.springframework.beans.factory.BeanDefinitionStoreException: Failed to parse configuration class [com.thunisoft.demo.demo.Artery6demoApplication]; nested exception is org.springframework.context.annotation.ConflictingBeanDefinitionException: Annotation-specified bean name 'egBookDetailController' for bean class [com.thunisoft.demo.demo.eg.book.controller.EgBookDetailController] conflicts with existing, non-compatible bean definition of same name and class [com.thunisoft.demo.demo.aty.eg.book.controller.EgBookDetailController]
	at org.springframework.context.annotation.ConfigurationClassParser.parse(ConfigurationClassParser.java:181)
	at org.springframework.context.annotation.ConfigurationClassPostProcessor.processConfigBeanDefinitions(ConfigurationClassPostProcessor.java:315)
	at org.springframework.context.annotation.ConfigurationClassPostProcessor.postProcessBeanDefinitionRegistry(ConfigurationClassPostProcessor.java:232)
	at org.springframework.context.support.PostProcessorRegistrationDelegate.invokeBeanDefinitionRegistryPostProcessors(PostProcessorRegistrationDelegate.java:275)
	at org.springframework.context.support.PostProcessorRegistrationDelegate.invokeBeanFactoryPostProcessors(PostProcessorRegistrationDelegate.java:95)
	at org.springframework.context.support.AbstractApplicationContext.invokeBeanFactoryPostProcessors(AbstractApplicationContext.java:705)
	at org.springframework.context.support.AbstractApplicationContext.refresh(AbstractApplicationContext.java:531)
	at org.springframework.boot.web.servlet.context.ServletWebServerApplicationContext.refresh(ServletWebServerApplicationContext.java:140)
	at org.springframework.boot.SpringApplication.refresh(SpringApplication.java:742)
	at org.springframework.boot.SpringApplication.refreshContext(SpringApplication.java:389)
	at org.springframework.boot.SpringApplication.run(SpringApplication.java:311)
	at org.springframework.boot.SpringApplication.run(SpringApplication.java:1213)
	at org.springframework.boot.SpringApplication.run(SpringApplication.java:1202)
	at com.thunisoft.demo.demo.Artery6demoApplication.main(Artery6demoApplication.java:14)
	at sun.reflect.NativeMethodAccessorImpl.invoke0(Native Method)
	at sun.reflect.NativeMethodAccessorImpl.invoke(NativeMethodAccessorImpl.java:62)
	at sun.reflect.DelegatingMethodAccessorImpl.invoke(DelegatingMethodAccessorImpl.java:43)
	at java.lang.reflect.Method.invoke(Method.java:498)
	at org.springframework.boot.devtools.restart.RestartLauncher.run(RestartLauncher.java:49)
Caused by: org.springframework.context.annotation.ConflictingBeanDefinitionException: Annotation-specified bean name 'egBookDetailController' for bean class [com.thunisoft.demo.demo.eg.book.controller.EgBookDetailController] conflicts with existing, non-compatible bean definition of same name and class [com.thunisoft.demo.demo.aty.eg.book.controller.EgBookDetailController]
	at org.springframework.context.annotation.ClassPathBeanDefinitionScanner.checkCandidate(ClassPathBeanDefinitionScanner.java:348)
	at org.springframework.context.annotation.ClassPathBeanDefinitionScanner.doScan(ClassPathBeanDefinitionScanner.java:286)
	at org.springframework.context.annotation.ComponentScanAnnotationParser.parse(ComponentScanAnnotationParser.java:132)
	at org.springframework.context.annotation.ConfigurationClassParser.doProcessConfigurationClass(ConfigurationClassParser.java:287)
	at org.springframework.context.annotation.ConfigurationClassParser.processConfigurationClass(ConfigurationClassParser.java:242)
	at org.springframework.context.annotation.ConfigurationClassParser.parse(ConfigurationClassParser.java:199)
	at org.springframework.context.annotation.ConfigurationClassParser.parse(ConfigurationClassParser.java:167)
	... 18 common frames omitted
2019-08-22 15:22:32 [INFO ] [restartedMain] c.t.d.d.Artery6demoApplication - Starting Artery6demoApplication on PC-20190711PYMS with PID 6860 (D:\artery6demo\target\classes started by Administrator in D:\artery6demo)
2019-08-22 15:22:32 [INFO ] [restartedMain] c.t.d.d.Artery6demoApplication - The following profiles are active: dev
2019-08-22 15:22:33 [INFO ] [restartedMain] o.s.b.d.e.DevToolsPropertyDefaultsPostProcessor - Devtools property defaults active! Set 'spring.devtools.add-properties' to 'false' to disable
2019-08-22 15:22:33 [INFO ] [restartedMain] o.s.b.d.e.DevToolsPropertyDefaultsPostProcessor - For additional web related logging consider setting the 'logging.level.web' property to 'DEBUG'
2019-08-22 15:22:33 [WARN ] [restartedMain] o.s.b.w.s.c.AnnotationConfigServletWebServerApplicationContext - Exception encountered during context initialization - cancelling refresh attempt: org.springframework.beans.factory.BeanDefinitionStoreException: Failed to parse configuration class [com.thunisoft.demo.demo.Artery6demoApplication]; nested exception is org.springframework.context.annotation.ConflictingBeanDefinitionException: Annotation-specified bean name 'egBookService' for bean class [com.thunisoft.demo.demo.eg.book.service.impl.EgBookService] conflicts with existing, non-compatible bean definition of same name and class [com.thunisoft.demo.demo.aty.eg.book.service.impl.EgBookService]
2019-08-22 15:22:33 [ERROR] [restartedMain] o.s.b.SpringApplication - Application run failed
org.springframework.beans.factory.BeanDefinitionStoreException: Failed to parse configuration class [com.thunisoft.demo.demo.Artery6demoApplication]; nested exception is org.springframework.context.annotation.ConflictingBeanDefinitionException: Annotation-specified bean name 'egBookService' for bean class [com.thunisoft.demo.demo.eg.book.service.impl.EgBookService] conflicts with existing, non-compatible bean definition of same name and class [com.thunisoft.demo.demo.aty.eg.book.service.impl.EgBookService]
	at org.springframework.context.annotation.ConfigurationClassParser.parse(ConfigurationClassParser.java:181)
	at org.springframework.context.annotation.ConfigurationClassPostProcessor.processConfigBeanDefinitions(ConfigurationClassPostProcessor.java:315)
	at org.springframework.context.annotation.ConfigurationClassPostProcessor.postProcessBeanDefinitionRegistry(ConfigurationClassPostProcessor.java:232)
	at org.springframework.context.support.PostProcessorRegistrationDelegate.invokeBeanDefinitionRegistryPostProcessors(PostProcessorRegistrationDelegate.java:275)
	at org.springframework.context.support.PostProcessorRegistrationDelegate.invokeBeanFactoryPostProcessors(PostProcessorRegistrationDelegate.java:95)
	at org.springframework.context.support.AbstractApplicationContext.invokeBeanFactoryPostProcessors(AbstractApplicationContext.java:705)
	at org.springframework.context.support.AbstractApplicationContext.refresh(AbstractApplicationContext.java:531)
	at org.springframework.boot.web.servlet.context.ServletWebServerApplicationContext.refresh(ServletWebServerApplicationContext.java:140)
	at org.springframework.boot.SpringApplication.refresh(SpringApplication.java:742)
	at org.springframework.boot.SpringApplication.refreshContext(SpringApplication.java:389)
	at org.springframework.boot.SpringApplication.run(SpringApplication.java:311)
	at org.springframework.boot.SpringApplication.run(SpringApplication.java:1213)
	at org.springframework.boot.SpringApplication.run(SpringApplication.java:1202)
	at com.thunisoft.demo.demo.Artery6demoApplication.main(Artery6demoApplication.java:14)
	at sun.reflect.NativeMethodAccessorImpl.invoke0(Native Method)
	at sun.reflect.NativeMethodAccessorImpl.invoke(NativeMethodAccessorImpl.java:62)
	at sun.reflect.DelegatingMethodAccessorImpl.invoke(DelegatingMethodAccessorImpl.java:43)
	at java.lang.reflect.Method.invoke(Method.java:498)
	at org.springframework.boot.devtools.restart.RestartLauncher.run(RestartLauncher.java:49)
Caused by: org.springframework.context.annotation.ConflictingBeanDefinitionException: Annotation-specified bean name 'egBookService' for bean class [com.thunisoft.demo.demo.eg.book.service.impl.EgBookService] conflicts with existing, non-compatible bean definition of same name and class [com.thunisoft.demo.demo.aty.eg.book.service.impl.EgBookService]
	at org.springframework.context.annotation.ClassPathBeanDefinitionScanner.checkCandidate(ClassPathBeanDefinitionScanner.java:348)
	at org.springframework.context.annotation.ClassPathBeanDefinitionScanner.doScan(ClassPathBeanDefinitionScanner.java:286)
	at org.springframework.context.annotation.ComponentScanAnnotationParser.parse(ComponentScanAnnotationParser.java:132)
	at org.springframework.context.annotation.ConfigurationClassParser.doProcessConfigurationClass(ConfigurationClassParser.java:287)
	at org.springframework.context.annotation.ConfigurationClassParser.processConfigurationClass(ConfigurationClassParser.java:242)
	at org.springframework.context.annotation.ConfigurationClassParser.parse(ConfigurationClassParser.java:199)
	at org.springframework.context.annotation.ConfigurationClassParser.parse(ConfigurationClassParser.java:167)
	... 18 common frames omitted
2019-08-22 15:24:56 [INFO ] [restartedMain] c.t.d.d.Artery6demoApplication - Starting Artery6demoApplication on PC-20190711PYMS with PID 6200 (D:\artery6demo\target\classes started by Administrator in D:\artery6demo)
2019-08-22 15:24:56 [INFO ] [restartedMain] c.t.d.d.Artery6demoApplication - The following profiles are active: dev
2019-08-22 15:24:56 [INFO ] [restartedMain] o.s.b.d.e.DevToolsPropertyDefaultsPostProcessor - Devtools property defaults active! Set 'spring.devtools.add-properties' to 'false' to disable
2019-08-22 15:24:56 [INFO ] [restartedMain] o.s.b.d.e.DevToolsPropertyDefaultsPostProcessor - For additional web related logging consider setting the 'logging.level.web' property to 'DEBUG'
2019-08-22 15:24:56 [WARN ] [restartedMain] o.s.b.w.s.c.AnnotationConfigServletWebServerApplicationContext - Exception encountered during context initialization - cancelling refresh attempt: org.springframework.beans.factory.BeanDefinitionStoreException: Failed to parse configuration class [com.thunisoft.demo.demo.Artery6demoApplication]; nested exception is org.springframework.context.annotation.ConflictingBeanDefinitionException: Annotation-specified bean name 'egBookService' for bean class [com.thunisoft.demo.demo.eg.book.service.impl.EgBookService] conflicts with existing, non-compatible bean definition of same name and class [com.thunisoft.demo.demo.aty.eg.book.service.impl.EgBookService]
2019-08-22 15:24:56 [ERROR] [restartedMain] o.s.b.SpringApplication - Application run failed
org.springframework.beans.factory.BeanDefinitionStoreException: Failed to parse configuration class [com.thunisoft.demo.demo.Artery6demoApplication]; nested exception is org.springframework.context.annotation.ConflictingBeanDefinitionException: Annotation-specified bean name 'egBookService' for bean class [com.thunisoft.demo.demo.eg.book.service.impl.EgBookService] conflicts with existing, non-compatible bean definition of same name and class [com.thunisoft.demo.demo.aty.eg.book.service.impl.EgBookService]
	at org.springframework.context.annotation.ConfigurationClassParser.parse(ConfigurationClassParser.java:181)
	at org.springframework.context.annotation.ConfigurationClassPostProcessor.processConfigBeanDefinitions(ConfigurationClassPostProcessor.java:315)
	at org.springframework.context.annotation.ConfigurationClassPostProcessor.postProcessBeanDefinitionRegistry(ConfigurationClassPostProcessor.java:232)
	at org.springframework.context.support.PostProcessorRegistrationDelegate.invokeBeanDefinitionRegistryPostProcessors(PostProcessorRegistrationDelegate.java:275)
	at org.springframework.context.support.PostProcessorRegistrationDelegate.invokeBeanFactoryPostProcessors(PostProcessorRegistrationDelegate.java:95)
	at org.springframework.context.support.AbstractApplicationContext.invokeBeanFactoryPostProcessors(AbstractApplicationContext.java:705)
	at org.springframework.context.support.AbstractApplicationContext.refresh(AbstractApplicationContext.java:531)
	at org.springframework.boot.web.servlet.context.ServletWebServerApplicationContext.refresh(ServletWebServerApplicationContext.java:140)
	at org.springframework.boot.SpringApplication.refresh(SpringApplication.java:742)
	at org.springframework.boot.SpringApplication.refreshContext(SpringApplication.java:389)
	at org.springframework.boot.SpringApplication.run(SpringApplication.java:311)
	at org.springframework.boot.SpringApplication.run(SpringApplication.java:1213)
	at org.springframework.boot.SpringApplication.run(SpringApplication.java:1202)
	at com.thunisoft.demo.demo.Artery6demoApplication.main(Artery6demoApplication.java:14)
	at sun.reflect.NativeMethodAccessorImpl.invoke0(Native Method)
	at sun.reflect.NativeMethodAccessorImpl.invoke(NativeMethodAccessorImpl.java:62)
	at sun.reflect.DelegatingMethodAccessorImpl.invoke(DelegatingMethodAccessorImpl.java:43)
	at java.lang.reflect.Method.invoke(Method.java:498)
	at org.springframework.boot.devtools.restart.RestartLauncher.run(RestartLauncher.java:49)
Caused by: org.springframework.context.annotation.ConflictingBeanDefinitionException: Annotation-specified bean name 'egBookService' for bean class [com.thunisoft.demo.demo.eg.book.service.impl.EgBookService] conflicts with existing, non-compatible bean definition of same name and class [com.thunisoft.demo.demo.aty.eg.book.service.impl.EgBookService]
	at org.springframework.context.annotation.ClassPathBeanDefinitionScanner.checkCandidate(ClassPathBeanDefinitionScanner.java:348)
	at org.springframework.context.annotation.ClassPathBeanDefinitionScanner.doScan(ClassPathBeanDefinitionScanner.java:286)
	at org.springframework.context.annotation.ComponentScanAnnotationParser.parse(ComponentScanAnnotationParser.java:132)
	at org.springframework.context.annotation.ConfigurationClassParser.doProcessConfigurationClass(ConfigurationClassParser.java:287)
	at org.springframework.context.annotation.ConfigurationClassParser.processConfigurationClass(ConfigurationClassParser.java:242)
	at org.springframework.context.annotation.ConfigurationClassParser.parse(ConfigurationClassParser.java:199)
	at org.springframework.context.annotation.ConfigurationClassParser.parse(ConfigurationClassParser.java:167)
	... 18 common frames omitted
2019-08-22 15:26:18 [INFO ] [restartedMain] c.t.d.d.Artery6demoApplication - Starting Artery6demoApplication on PC-20190711PYMS with PID 6128 (D:\artery6demo\target\classes started by Administrator in D:\artery6demo)
2019-08-22 15:26:18 [INFO ] [restartedMain] c.t.d.d.Artery6demoApplication - The following profiles are active: dev
2019-08-22 15:26:18 [INFO ] [restartedMain] o.s.b.d.e.DevToolsPropertyDefaultsPostProcessor - Devtools property defaults active! Set 'spring.devtools.add-properties' to 'false' to disable
2019-08-22 15:26:18 [INFO ] [restartedMain] o.s.b.d.e.DevToolsPropertyDefaultsPostProcessor - For additional web related logging consider setting the 'logging.level.web' property to 'DEBUG'
2019-08-22 15:26:19 [WARN ] [restartedMain] o.s.b.w.s.c.AnnotationConfigServletWebServerApplicationContext - Exception encountered during context initialization - cancelling refresh attempt: org.springframework.beans.factory.BeanDefinitionStoreException: Failed to parse configuration class [com.thunisoft.demo.demo.Artery6demoApplication]; nested exception is org.springframework.context.annotation.ConflictingBeanDefinitionException: Annotation-specified bean name 'egBookService' for bean class [com.thunisoft.demo.demo.eg.book.service.impl.EgBookService] conflicts with existing, non-compatible bean definition of same name and class [com.thunisoft.demo.demo.aty.eg.book.service.impl.EgBookService]
2019-08-22 15:26:19 [ERROR] [restartedMain] o.s.b.SpringApplication - Application run failed
org.springframework.beans.factory.BeanDefinitionStoreException: Failed to parse configuration class [com.thunisoft.demo.demo.Artery6demoApplication]; nested exception is org.springframework.context.annotation.ConflictingBeanDefinitionException: Annotation-specified bean name 'egBookService' for bean class [com.thunisoft.demo.demo.eg.book.service.impl.EgBookService] conflicts with existing, non-compatible bean definition of same name and class [com.thunisoft.demo.demo.aty.eg.book.service.impl.EgBookService]
	at org.springframework.context.annotation.ConfigurationClassParser.parse(ConfigurationClassParser.java:181)
	at org.springframework.context.annotation.ConfigurationClassPostProcessor.processConfigBeanDefinitions(ConfigurationClassPostProcessor.java:315)
	at org.springframework.context.annotation.ConfigurationClassPostProcessor.postProcessBeanDefinitionRegistry(ConfigurationClassPostProcessor.java:232)
	at org.springframework.context.support.PostProcessorRegistrationDelegate.invokeBeanDefinitionRegistryPostProcessors(PostProcessorRegistrationDelegate.java:275)
	at org.springframework.context.support.PostProcessorRegistrationDelegate.invokeBeanFactoryPostProcessors(PostProcessorRegistrationDelegate.java:95)
	at org.springframework.context.support.AbstractApplicationContext.invokeBeanFactoryPostProcessors(AbstractApplicationContext.java:705)
	at org.springframework.context.support.AbstractApplicationContext.refresh(AbstractApplicationContext.java:531)
	at org.springframework.boot.web.servlet.context.ServletWebServerApplicationContext.refresh(ServletWebServerApplicationContext.java:140)
	at org.springframework.boot.SpringApplication.refresh(SpringApplication.java:742)
	at org.springframework.boot.SpringApplication.refreshContext(SpringApplication.java:389)
	at org.springframework.boot.SpringApplication.run(SpringApplication.java:311)
	at org.springframework.boot.SpringApplication.run(SpringApplication.java:1213)
	at org.springframework.boot.SpringApplication.run(SpringApplication.java:1202)
	at com.thunisoft.demo.demo.Artery6demoApplication.main(Artery6demoApplication.java:14)
	at sun.reflect.NativeMethodAccessorImpl.invoke0(Native Method)
	at sun.reflect.NativeMethodAccessorImpl.invoke(NativeMethodAccessorImpl.java:62)
	at sun.reflect.DelegatingMethodAccessorImpl.invoke(DelegatingMethodAccessorImpl.java:43)
	at java.lang.reflect.Method.invoke(Method.java:498)
	at org.springframework.boot.devtools.restart.RestartLauncher.run(RestartLauncher.java:49)
Caused by: org.springframework.context.annotation.ConflictingBeanDefinitionException: Annotation-specified bean name 'egBookService' for bean class [com.thunisoft.demo.demo.eg.book.service.impl.EgBookService] conflicts with existing, non-compatible bean definition of same name and class [com.thunisoft.demo.demo.aty.eg.book.service.impl.EgBookService]
	at org.springframework.context.annotation.ClassPathBeanDefinitionScanner.checkCandidate(ClassPathBeanDefinitionScanner.java:348)
	at org.springframework.context.annotation.ClassPathBeanDefinitionScanner.doScan(ClassPathBeanDefinitionScanner.java:286)
	at org.springframework.context.annotation.ComponentScanAnnotationParser.parse(ComponentScanAnnotationParser.java:132)
	at org.springframework.context.annotation.ConfigurationClassParser.doProcessConfigurationClass(ConfigurationClassParser.java:287)
	at org.springframework.context.annotation.ConfigurationClassParser.processConfigurationClass(ConfigurationClassParser.java:242)
	at org.springframework.context.annotation.ConfigurationClassParser.parse(ConfigurationClassParser.java:199)
	at org.springframework.context.annotation.ConfigurationClassParser.parse(ConfigurationClassParser.java:167)
	... 18 common frames omitted
2019-08-22 15:27:32 [INFO ] [restartedMain] c.t.d.d.Artery6demoApplication - Starting Artery6demoApplication on PC-20190711PYMS with PID 7000 (D:\artery6demo\target\classes started by Administrator in D:\artery6demo)
2019-08-22 15:27:32 [INFO ] [restartedMain] c.t.d.d.Artery6demoApplication - The following profiles are active: dev
2019-08-22 15:27:32 [INFO ] [restartedMain] o.s.b.d.e.DevToolsPropertyDefaultsPostProcessor - Devtools property defaults active! Set 'spring.devtools.add-properties' to 'false' to disable
2019-08-22 15:27:32 [INFO ] [restartedMain] o.s.b.d.e.DevToolsPropertyDefaultsPostProcessor - For additional web related logging consider setting the 'logging.level.web' property to 'DEBUG'
2019-08-22 15:27:35 [INFO ] [restartedMain] c.t.a.s.p.e.p.ArteryEncryptPropertiesPostProcessor - 开始处理PropertySource
2019-08-22 15:27:35 [INFO ] [restartedMain] o.s.c.s.PostProcessorRegistrationDelegate$BeanPostProcessorChecker - Bean 'org.springframework.transaction.annotation.ProxyTransactionManagementConfiguration' of type [org.springframework.transaction.annotation.ProxyTransactionManagementConfiguration$$EnhancerBySpringCGLIB$$5959656c] is not eligible for getting processed by all BeanPostProcessors (for example: not eligible for auto-proxying)
2019-08-22 15:27:36 [INFO ] [restartedMain] c.t.tas.util.log - Logging initialized @6054ms to com.thunisoft.tas.util.log.Slf4jLog
2019-08-22 15:27:36 [INFO ] [restartedMain] o.s.b.w.e.j.TasServletWebServerFactory - Server initialized with port: 8087
2019-08-22 15:27:36 [WARN ] [restartedMain] c.t.t.s.AbstractConnector - Ignoring deprecated socket close linger time
2019-08-22 15:27:37 [INFO ] [restartedMain] c.t.t.c.TasWebServerFactoryCustomizer - 【友情提示】如果发现1099端口冲突，可以设置tas.jmx.enable=false关闭监听或者tas.jmx.port修改jmx端口号
2019-08-22 15:27:37 [INFO ] [restartedMain] c.t.t.server.Server - tas-9.4.z-SNAPSHOT; built: 2018-08-30T13:59:14.071Z; git: 27208684755d94a92186989f695db2d7b21ebc51; jvm 1.8.0_101-b13
2019-08-22 15:27:37 [INFO ] [restartedMain] c.t.t.s.h.C.application - Initializing Spring embedded WebApplicationContext
2019-08-22 15:27:37 [INFO ] [restartedMain] o.s.w.c.ContextLoader - Root WebApplicationContext: initialization completed in 4723 ms
2019-08-22 15:27:37 [INFO ] [restartedMain] c.t.t.server.session - DefaultSessionIdManager workerName=node0
2019-08-22 15:27:37 [INFO ] [restartedMain] c.t.t.server.session - No SessionScavenger set, using defaults
2019-08-22 15:27:37 [INFO ] [restartedMain] c.t.t.server.session - node0 Scavenging every 600000ms
2019-08-22 15:27:37 [INFO ] [restartedMain] c.t.t.s.h.ContextHandler - Started c.t.t.s.TasEmbeddedWebAppContext@4e5f5018{application,/,[file:///C:/Users/Administrator/AppData/Local/Temp/jetty-docbase.5868867124410610349.8087/, jar:file:/C:/Users/Administrator/.m2/mvnrepository/com/thunisoft/artery/artery-component/6.0.46/artery-component-6.0.46.jar!/META-INF/resources, jar:file:/C:/Users/Administrator/.m2/mvnrepository/io/springfox/springfox-swagger-ui/2.9.2/springfox-swagger-ui-2.9.2.jar!/META-INF/resources],AVAILABLE}
2019-08-22 15:27:39 [INFO ] [restartedMain] c.t.t.j.ConnectorServer - JMX URL: service:jmx:rmi://localhost:1099/jndi/rmi://localhost:1099/jmxrmi
2019-08-22 15:27:39 [INFO ] [restartedMain] c.t.t.server.Server - Started @9053ms
2019-08-22 15:27:39 [INFO ] [restartedMain] c.t.a.d.c.i.DictCache - 【开始加载数据字典缓存...】
2019-08-22 15:27:41 [INFO ] [restartedMain] c.t.a.d.c.i.DictCache - 5
2019-08-22 15:27:41 [INFO ] [restartedMain] c.t.a.d.c.i.DictCache - 〖加载数据字典缓存结束〗
2019-08-22 15:27:41 [INFO ] [restartedMain] c.a.d.s.b.a.DruidDataSourceAutoConfigure - Init DruidDataSource
2019-08-22 15:27:41 [INFO ] [restartedMain] c.a.d.p.DruidDataSource - {dataSource-1} inited
2019-08-22 15:27:43 [INFO ] [restartedMain] c.t.a.c.f.o.s.DefaultUIOrganService - 没有引入artery-organ-start或者TAP, 组织机构组件(organ-tree)将无法使用
2019-08-22 15:27:43 [INFO ] [restartedMain] s.d.s.w.PropertySourcedRequestMappingHandlerMapping - Mapped URL path [/v2/api-docs] onto method [public org.springframework.http.ResponseEntity<springfox.documentation.spring.web.json.Json> springfox.documentation.swagger2.web.Swagger2Controller.getDocumentation(java.lang.String,javax.servlet.http.HttpServletRequest)]
2019-08-22 15:27:43 [INFO ] [restartedMain] o.s.s.c.ThreadPoolTaskExecutor - Initializing ExecutorService 'applicationTaskExecutor'
2019-08-22 15:27:43 [INFO ] [restartedMain] o.s.b.d.a.OptionalLiveReloadServer - LiveReload server is running on port 35729
2019-08-22 15:27:44 [INFO ] [restartedMain] o.s.b.a.w.s.WelcomePageHandlerMapping - Adding welcome page template: index
2019-08-22 15:27:45 [INFO ] [restartedMain] s.d.s.w.p.DocumentationPluginsBootstrapper - Context refreshed
2019-08-22 15:27:45 [INFO ] [restartedMain] s.d.s.w.p.DocumentationPluginsBootstrapper - Found 1 custom documentation plugin(s)
2019-08-22 15:27:45 [INFO ] [restartedMain] s.d.s.w.s.ApiListingReferenceScanner - Scanning for api listing references
2019-08-22 15:27:45 [INFO ] [restartedMain] s.d.s.w.r.o.CachingOperationNameGenerator - Generating unique operation named: indexUsingGET_1
2019-08-22 15:27:45 [INFO ] [restartedMain] s.d.s.w.r.o.CachingOperationNameGenerator - Generating unique operation named: indexUsingGET_2
2019-08-22 15:27:45 [INFO ] [restartedMain] s.d.s.w.r.o.CachingOperationNameGenerator - Generating unique operation named: indexUsingGET_3
2019-08-22 15:27:45 [INFO ] [restartedMain] s.d.s.w.r.o.CachingOperationNameGenerator - Generating unique operation named: indexUsingGET_4
2019-08-22 15:27:46 [INFO ] [restartedMain] c.t.t.s.h.C.application - Initializing Spring DispatcherServlet 'dispatcherServlet'
2019-08-22 15:27:46 [INFO ] [restartedMain] o.s.w.s.DispatcherServlet - Initializing Servlet 'dispatcherServlet'
2019-08-22 15:27:46 [INFO ] [restartedMain] o.s.w.s.DispatcherServlet - Completed initialization in 20 ms
2019-08-22 15:27:46 [INFO ] [restartedMain] c.t.t.s.AbstractConnector - Started ServerConnector@2e7c60f7{HTTP/1.1,[http/1.1]}{0.0.0.0:8087}
2019-08-22 15:27:46 [INFO ] [restartedMain] c.t.t.s.TasWebServer - Tas 启动成功，端口号： 8087 (http/1.1), contextPath: ''
2019-08-22 15:27:46 [INFO ] [restartedMain] c.t.d.d.Artery6demoApplication - Started Artery6demoApplication in 14.504 seconds (JVM running for 15.526)
